<?xml version="1.0" encoding="UTF-8"?>
<testsuite xmlns:xsi="http://www.w3.org/2001/XMLSchema-instance" xsi:noNamespaceSchemaLocation="https://maven.apache.org/surefire/maven-surefire-plugin/xsd/surefire-test-report.xsd" version="3.0.2" name="app.api.repository.ArticleRepositoryTest" time="5.066" tests="2" errors="0" skipped="0" failures="0">
  <properties>
[...]
</properties>
  <testcase name="shouldSaveAndFindArticle" classname="app.api.repository.ArticleRepositoryTest" time="0.353">
    <system-out><![CDATA[16:52:58.494 [main] INFO org.testcontainers.images.PullPolicy -- Image pull policy will be performed by: DefaultPullPolicy()
16:52:58.496 [main] INFO org.testcontainers.utility.ImageNameSubstitutor -- Image name substitution will be performed by: DefaultImageNameSubstitutor (composite of 'ConfigurationFileImageNameSubstitutor' and 'PrefixingImageNameSubstitutor')
16:52:58.514 [main] INFO org.testcontainers.DockerClientFactory -- Testcontainers version: 1.20.5
16:52:58.611 [main] INFO org.testcontainers.dockerclient.DockerClientProviderStrategy -- Loaded org.testcontainers.dockerclient.UnixSocketClientProviderStrategy from ~/.testcontainers.properties, will try it first
16:52:58.782 [main] INFO org.testcontainers.dockerclient.DockerClientProviderStrategy -- Found Docker environment with local Unix socket (unix:///var/run/docker.sock)
16:52:58.783 [main] INFO org.testcontainers.DockerClientFactory -- Docker host IP address is localhost
16:52:58.797 [main] INFO org.testcontainers.DockerClientFactory -- Connected to docker: 
  Server Version: 28.0.4
  API Version: 1.48
  Operating System: Docker Desktop
  Total Memory: 3919 MB
  Labels: 
    com.docker.desktop.address=unix:///Users/maksimoskin/Library/Containers/com.docker.docker/Data/docker-cli.sock
16:52:58.897 [main] INFO tc.testcontainers/ryuk:0.11.0 -- Creating container for image: testcontainers/ryuk:0.11.0
16:52:59.037 [main] INFO org.testcontainers.utility.RegistryAuthLocator -- Credential helper/store (docker-credential-desktop) does not have credentials for https://index.docker.io/v1/
16:52:59.121 [main] INFO tc.testcontainers/ryuk:0.11.0 -- Container testcontainers/ryuk:0.11.0 is starting: fcf71432f2642df5eb3b425b29a6d80546ca1bfc221f6474c52f79001b706eff
16:52:59.302 [main] INFO tc.testcontainers/ryuk:0.11.0 -- Container testcontainers/ryuk:0.11.0 started in PT0.405662S
16:52:59.309 [main] INFO org.testcontainers.utility.RyukResourceReaper -- Ryuk started - will monitor and terminate Testcontainers containers on JVM exit
16:52:59.309 [main] INFO org.testcontainers.DockerClientFactory -- Checking the system...
16:52:59.309 [main] INFO org.testcontainers.DockerClientFactory -- ✔︎ Docker server version should be at least 1.6.0
16:52:59.309 [main] INFO tc.postgres:16 -- Creating container for image: postgres:16
16:52:59.347 [main] INFO tc.postgres:16 -- Container postgres:16 is starting: 553ceeea289d75d0fdf9b78aeb162dcd156250ee2195998695e74a2846f10227
16:53:00.713 [main] INFO tc.postgres:16 -- Container postgres:16 started in PT1.403091S
16:53:00.714 [main] INFO tc.postgres:16 -- Container is started (JDBC URL: jdbc:postgresql://localhost:55064/testdb?loggerLevel=OFF)
16:53:00.778 [main] INFO org.springframework.test.context.support.AnnotationConfigContextLoaderUtils -- Could not detect default configuration classes for test class [app.api.repository.ArticleRepositoryTest]: ArticleRepositoryTest does not declare any static, non-private, non-final, nested classes annotated with @Configuration.
16:53:00.852 [main] INFO org.springframework.boot.test.context.SpringBootTestContextBootstrapper -- Found @SpringBootConfiguration app.Application for test class app.api.repository.ArticleRepositoryTest

  .   ____          _            __ _ _
 /\\ / ___'_ __ _ _(_)_ __  __ _ \ \ \ \
( ( )\___ | '_ | '_| | '_ \/ _` | \ \ \ \
 \\/  ___)| |_)| | | | | || (_| |  ) ) ) )
  '  |____| .__|_| |_|_| |_\__, | / / / /
 =========|_|==============|___/=/_/_/_/

 :: Spring Boot ::                (v3.4.3)

2025-04-08T16:53:01.013+03:00  INFO 6254 --- [HomeWork] [           main] a.api.repository.ArticleRepositoryTest   : Starting ArticleRepositoryTest using Java 23.0.2 with PID 6254 (started by maksimoskin in /Users/maksimoskin/IdeaProjects/TG_BOT_SEM2)
2025-04-08T16:53:01.014+03:00  INFO 6254 --- [HomeWork] [           main] a.api.repository.ArticleRepositoryTest   : No active profile set, falling back to 1 default profile: "default"
2025-04-08T16:53:01.168+03:00  INFO 6254 --- [HomeWork] [           main] .s.d.r.c.RepositoryConfigurationDelegate : Bootstrapping Spring Data JPA repositories in DEFAULT mode.
2025-04-08T16:53:01.201+03:00  INFO 6254 --- [HomeWork] [           main] .s.d.r.c.RepositoryConfigurationDelegate : Finished Spring Data repository scanning in 28 ms. Found 4 JPA repository interfaces.
2025-04-08T16:53:01.378+03:00  INFO 6254 --- [HomeWork] [           main] com.zaxxer.hikari.HikariDataSource       : HikariPool-1 - Starting...
2025-04-08T16:53:01.478+03:00  INFO 6254 --- [HomeWork] [           main] com.zaxxer.hikari.pool.HikariPool        : HikariPool-1 - Added connection org.postgresql.jdbc.PgConnection@473847fb
2025-04-08T16:53:01.478+03:00  INFO 6254 --- [HomeWork] [           main] com.zaxxer.hikari.HikariDataSource       : HikariPool-1 - Start completed.
2025-04-08T16:53:01.491+03:00  INFO 6254 --- [HomeWork] [           main] org.flywaydb.core.FlywayExecutor         : Database: jdbc:postgresql://localhost:55064/testdb?loggerLevel=OFF (PostgreSQL 16.6)
2025-04-08T16:53:01.512+03:00  INFO 6254 --- [HomeWork] [           main] o.f.c.i.s.JdbcTableSchemaHistory         : Schema history table "public"."flyway_schema_history" does not exist yet
2025-04-08T16:53:01.514+03:00  INFO 6254 --- [HomeWork] [           main] o.f.core.internal.command.DbValidate     : Successfully validated 1 migration (execution time 00:00.006s)
2025-04-08T16:53:01.521+03:00  INFO 6254 --- [HomeWork] [           main] o.f.c.i.s.JdbcTableSchemaHistory         : Creating Schema History table "public"."flyway_schema_history" ...
2025-04-08T16:53:01.561+03:00  INFO 6254 --- [HomeWork] [           main] o.f.core.internal.command.DbMigrate      : Current version of schema "public": << Empty Schema >>
2025-04-08T16:53:01.570+03:00  INFO 6254 --- [HomeWork] [           main] o.f.core.internal.command.DbMigrate      : Migrating schema "public" to version "1 - create"
2025-04-08T16:53:01.596+03:00  INFO 6254 --- [HomeWork] [           main] o.f.core.internal.command.DbMigrate      : Successfully applied 1 migration to schema "public", now at version v1 (execution time 00:00.016s)
2025-04-08T16:53:01.647+03:00  INFO 6254 --- [HomeWork] [           main] o.hibernate.jpa.internal.util.LogHelper  : HHH000204: Processing PersistenceUnitInfo [name: default]
2025-04-08T16:53:01.675+03:00  INFO 6254 --- [HomeWork] [           main] org.hibernate.Version                    : HHH000412: Hibernate ORM core version 6.6.8.Final
2025-04-08T16:53:01.688+03:00  INFO 6254 --- [HomeWork] [           main] o.h.c.internal.RegionFactoryInitiator    : HHH000026: Second-level cache disabled
2025-04-08T16:53:01.799+03:00  INFO 6254 --- [HomeWork] [           main] o.s.o.j.p.SpringPersistenceUnitInfo      : No LoadTimeWeaver setup: ignoring JPA class transformer
2025-04-08T16:53:01.823+03:00  WARN 6254 --- [HomeWork] [           main] org.hibernate.orm.deprecation            : HHH90000025: PostgreSQLDialect does not need to be specified explicitly using 'hibernate.dialect' (remove the property setting and it will be selected by default)
2025-04-08T16:53:01.833+03:00  INFO 6254 --- [HomeWork] [           main] org.hibernate.orm.connections.pooling    : HHH10001005: Database info:
	Database JDBC URL [Connecting through datasource 'HikariDataSource (HikariPool-1)']
	Database driver: undefined/unknown
	Database version: 16.6
	Autocommit mode: undefined/unknown
	Isolation level: undefined/unknown
	Minimum pool size: undefined/unknown
	Maximum pool size: undefined/unknown
2025-04-08T16:53:02.249+03:00  INFO 6254 --- [HomeWork] [           main] o.h.e.t.j.p.i.JtaPlatformInitiator       : HHH000489: No JTA platform available (set 'hibernate.transaction.jta.platform' to enable JTA platform integration)
2025-04-08T16:53:02.455+03:00  INFO 6254 --- [HomeWork] [           main] j.LocalContainerEntityManagerFactoryBean : Initialized JPA EntityManagerFactory for persistence unit 'default'
2025-04-08T16:53:02.589+03:00  INFO 6254 --- [HomeWork] [           main] o.s.d.j.r.query.QueryEnhancerFactory     : Hibernate is in classpath; If applicable, HQL parser will be used.
2025-04-08T16:53:02.916+03:00  INFO 6254 --- [HomeWork] [           main] a.api.repository.ArticleRepositoryTest   : Started ArticleRepositoryTest in 2.037 seconds (process running for 4.726)
Hibernate: 
    select
        a1_0.id,
        c1_0.article_id,
        c1_1.id,
        c1_1.name,
        a1_0.creation_date,
        a1_0.name,
        a1_0.url 
    from
        articles a1_0 
    left join
        categories_of_article c1_0 
            on a1_0.id=c1_0.article_id 
    left join
        categories c1_1 
            on c1_1.id=c1_0.category_id 
    where
        a1_0.id=?
Hibernate: 
    select
        nextval('article_id_seq')
]]></system-out>
    <system-err><![CDATA[Mockito is currently self-attaching to enable the inline-mock-maker. This will no longer work in future releases of the JDK. Please add Mockito as an agent to your build what is described in Mockito's documentation: https://javadoc.io/doc/org.mockito/mockito-core/latest/org/mockito/Mockito.html#0.3
WARNING: A Java agent has been loaded dynamically (/Users/maksimoskin/.m2/repository/net/bytebuddy/byte-buddy-agent/1.15.11/byte-buddy-agent-1.15.11.jar)
WARNING: If a serviceability tool is in use, please run with -XX:+EnableDynamicAgentLoading to hide this warning
WARNING: If a serviceability tool is not in use, please run with -Djdk.instrument.traceUsage for more information
WARNING: Dynamic loading of agents will be disallowed by default in a future release
]]></system-err>
  </testcase>
  <testcase name="shouldDeleteArticle" classname="app.api.repository.ArticleRepositoryTest" time="0.016">
    <system-out><![CDATA[Hibernate: 
    select
        a1_0.id,
        c1_0.article_id,
        c1_1.id,
        c1_1.name,
        a1_0.creation_date,
        a1_0.name,
        a1_0.url 
    from
        articles a1_0 
    left join
        categories_of_article c1_0 
            on a1_0.id=c1_0.article_id 
    left join
        categories c1_1 
            on c1_1.id=c1_0.category_id 
    where
        a1_0.id=?
Hibernate: 
    select
        nextval('article_id_seq')
]]></system-out>
  </testcase>
</testsuite>